<?xml version="1.0" encoding="UTF-8"?>
<!-- Generated by org.testng.reporters.JUnitReportReporter -->
<testsuite hostname="3rdf-msriram01" failures="0" tests="1" name="com.example.Testclass" time="0.008" errors="0" timestamp="2023-02-14T21:22:35 IST" skipped="0">
  <testcase classname="com.example.Testclass" name="test" time="0.008"/>
  <system-out/>
</testsuite> <!-- com.example.Testclass -->
